app/build/outputs/logs/manifest-merger-release-report.txt
-- Merging decision tree log ---
manifest
ADDED from src/main/AndroidManifest.xml:2:1-1614:12
INJECTED from src/main/AndroidManifest.xml:2:1-1614:12
INJECTED from src/main/AndroidManifest.xml:2:1-1614:12
INJECTED from src/main/AndroidManifest.xml:2:1-1614:12
MERGED from [com.gyf.immersionbar:immersionbar:3.0.0] AndroidManifest.xml:2:1-9:12
MERGED from [com.gyf.immersionbar:immersionbar-components:3.0.0] AndroidManifest.xml:2:1-9:12
MERGED from [com.android.support:multidex:1.0.0] AndroidManifest.xml:16:1-19:12
MERGED from [me.imid.swipebacklayout.lib:library:1.1.0] AndroidManifest.xml:2:1-15:12
MERGED from [:LibraryPullToRefresh] AndroidManifest.xml:2:1-14:12
MERGED from [:wheelsruflibrary] AndroidManifest.xml:2:1-11:12
MERGED from [:TestActivity] AndroidManifest.xml:2:1-6:12
MERGED from [:lib.permission] AndroidManifest.xml:2:1-17:12
MERGED from [com.ansen.http:okhttpencapsulation:1.0.1] AndroidManifest.xml:2:1-17:12
MERGED from [com.zhy:flowlayout-lib:1.0.3] AndroidManifest.xml:2:1-12:12
MERGED from [com.teprinciple:updateapputils:2.3.0] AndroidManifest.xml:2:1-39:12
MERGED from [com.github.newcaoguo:EasyRollingNumber:1.0] AndroidManifest.xml:2:1-11:12
MERGED from [com.google.android:flexbox:0.2.2] AndroidManifest.xml:17:1-27:12
MERGED from [com.android.support:appcompat-v7:28.0.0] AndroidManifest.xml:17:1-22:12
MERGED from [com.android.support:recyclerview-v7:28.0.0] AndroidManifest.xml:17:1-22:12
MERGED from [com.android.support:cardview-v7:28.0.0] AndroidManifest.xml:17:1-22:12
MERGED from [com.gcssloop.widget:rclayout:1.8.1] AndroidManifest.xml:23:1-33:12
MERGED from [com.scwang.smartrefresh:SmartRefreshLayout:1.1.0] AndroidManifest.xml:2:1-17:12
MERGED from [com.scwang.smartrefresh:SmartRefreshHeader:1.1.0] AndroidManifest.xml:2:1-17:12
MERGED from [com.github.ybq:Android-SpinKit:1.4.0] AndroidManifest.xml:2:1-9:12
MERGED from [com.squareup.picasso:picasso:2.71828] AndroidManifest.xml:2:1-14:12
MERGED from [com.elvishew:xlog:1.11.0] AndroidManifest.xml:2:1-9:12
MERGED from [com.tencent.mm.opensdk:wechat-sdk-android-without-mta:6.8.0] AndroidManifest.xml:2:1-9:12
MERGED from [com.github.CymChad:BaseRecyclerViewAdapterHelper:2.9.50] AndroidManifest.xml:2:1-11:12
MERGED from [com.android.support:support-fragment:28.0.0] AndroidManifest.xml:17:1-22:12
MERGED from [com.android.support:animated-vector-drawable:28.0.0] AndroidManifest.xml:17:1-22:12
MERGED from [com.android.support:support-core-ui:28.0.0] AndroidManifest.xml:17:1-22:12
MERGED from [com.android.support:support-core-utils:28.0.0] AndroidManifest.xml:17:1-22:12
MERGED from [com.android.support:viewpager:28.0.0] AndroidManifest.xml:17:1-22:12
MERGED from [com.android.support:coordinatorlayout:28.0.0] AndroidManifest.xml:17:1-22:12
MERGED from [com.android.support:drawerlayout:28.0.0] AndroidManifest.xml:17:1-22:12
MERGED from [com.android.support:slidingpanelayout:28.0.0] AndroidManifest.xml:17:1-22:12
MERGED from [com.android.support:customview:28.0.0] AndroidManifest.xml:17:1-22:12
MERGED from [com.android.support:swiperefreshlayout:28.0.0] AndroidManifest.xml:17:1-22:12
MERGED from [com.android.support:asynclayoutinflater:28.0.0] AndroidManifest.xml:17:1-22:12
MERGED from [com.android.support:loader:28.0.0] AndroidManifest.xml:17:1-22:12
MERGED from [com.android.support:support-vector-drawable:28.0.0] AndroidManifest.xml:17:1-22:12
MERGED from [com.android.support:support-compat:28.0.0] AndroidManifest.xml:17:1-24:12
MERGED from [com.android.support:exifinterface:27.1.0] AndroidManifest.xml:17:1-22:12
MERGED from [com.android.support:versionedparcelable:28.0.0] AndroidManifest.xml:17:1-25:12
MERGED from [android.arch.lifecycle:runtime:1.1.1] AndroidManifest.xml:17:1-22:12
MERGED from [com.android.support:interpolator:28.0.0] AndroidManifest.xml:17:1-22:12
MERGED from [com.android.support:cursoradapter:28.0.0] AndroidManifest.xml:17:1-22:12
MERGED from [android.arch.lifecycle:livedata:1.1.1] AndroidManifest.xml:17:1-22:12
MERGED from [android.arch.lifecycle:livedata-core:1.1.1] AndroidManifest.xml:17:1-22:12
MERGED from [android.arch.core:runtime:1.1.1] AndroidManifest.xml:17:1-22:12
MERGED from [com.android.support:documentfile:28.0.0] AndroidManifest.xml:17:1-22:12
MERGED from [com.android.support:localbroadcastmanager:28.0.0] AndroidManifest.xml:17:1-22:12
MERGED from [com.android.support:print:28.0.0] AndroidManifest.xml:17:1-22:12
MERGED from [android.arch.lifecycle:viewmodel:1.1.1] AndroidManifest.xml:17:1-22:12
MERGED from [io.github.lizhangqu:coreprogress:1.0.2] AndroidManifest.xml:2:1-12:12
MERGED from [com.android.support.constraint:constraint-layout:1.1.3] AndroidManifest.xml:2:1-11:12
MERGED from [com.liulishuo.filedownloader:library:1.7.7] AndroidManifest.xml:2:1-18:12
INJECTED from src/main/AndroidManifest.xml:2:1-1614:12
INJECTED from src/main/AndroidManifest.xml:2:1-1614:12
INJECTED from src/main/AndroidManifest.xml:2:1-1614:12
	package
		ADDED from src/main/AndroidManifest.xml:4:5-32
		INJECTED from src/main/AndroidManifest.xml
		INJECTED from src/main/AndroidManifest.xml
	android:versionName
		INJECTED from src/main/AndroidManifest.xml
		ADDED from src/main/AndroidManifest.xml:2:1-1614:12
		INJECTED from src/main/AndroidManifest.xml
	xmlns:tools
		ADDED from src/main/AndroidManifest.xml:3:5-51
	android:versionCode
		INJECTED from src/main/AndroidManifest.xml
		ADDED from src/main/AndroidManifest.xml:2:1-1614:12
		INJECTED from src/main/AndroidManifest.xml
	xmlns:android
		ADDED from src/main/AndroidManifest.xml:2:11-69
uses-permission#android.permission.INTERNET
ADDED from src/main/AndroidManifest.xml:10:5-67
MERGED from [com.teprinciple:updateapputils:2.3.0] AndroidManifest.xml:11:5-67
MERGED from [com.teprinciple:updateapputils:2.3.0] AndroidManifest.xml:11:5-67
	android:name
		ADDED from src/main/AndroidManifest.xml:10:22-64
uses-permission#android.permission.MOUNT_UNMOUNT_FILESYSTEMS
ADDED from src/main/AndroidManifest.xml:12:5-14:47
	tools:ignore
		ADDED from src/main/AndroidManifest.xml:14:9-44
	android:name
		ADDED from src/main/AndroidManifest.xml:13:9-68
uses-permission#android.permission.WRITE_EXTERNAL_STORAGE
ADDED from src/main/AndroidManifest.xml:16:5-81
MERGED from [com.teprinciple:updateapputils:2.3.0] AndroidManifest.xml:12:5-81
MERGED from [com.teprinciple:updateapputils:2.3.0] AndroidManifest.xml:12:5-81
	android:name
		ADDED from src/main/AndroidManifest.xml:16:22-78
uses-permission#android.permission.CALL_PHONE
ADDED from src/main/AndroidManifest.xml:18:5-69
	android:name
		ADDED from src/main/AndroidManifest.xml:18:22-66
uses-feature#android.hardware.camera
ADDED from src/main/AndroidManifest.xml:20:5-22:36
	android:required
		ADDED from src/main/AndroidManifest.xml:22:9-33
	android:name
		ADDED from src/main/AndroidManifest.xml:21:9-47
uses-permission#android.permission.KILL_BACKGROUND_PROCESSES
ADDED from src/main/AndroidManifest.xml:24:5-84
MERGED from [com.teprinciple:updateapputils:2.3.0] AndroidManifest.xml:15:5-84
MERGED from [com.teprinciple:updateapputils:2.3.0] AndroidManifest.xml:15:5-84
	android:name
		ADDED from src/main/AndroidManifest.xml:24:22-81
uses-permission#android.permission.UPDATE_APP_OPS_STATS
ADDED from src/main/AndroidManifest.xml:25:5-27:47
	tools:ignore
		ADDED from src/main/AndroidManifest.xml:27:9-44
	android:name
		ADDED from src/main/AndroidManifest.xml:26:9-63
uses-permission#android.permission.VIBRATE
ADDED from src/main/AndroidManifest.xml:28:5-66
	android:name
		ADDED from src/main/AndroidManifest.xml:28:22-63
uses-permission#android.permission.RECORD_AUDIO
ADDED from src/main/AndroidManifest.xml:30:5-71
	android:name
		ADDED from src/main/AndroidManifest.xml:30:22-68
uses-permission#android.permission.CAMERA
ADDED from src/main/AndroidManifest.xml:31:5-65
	android:name
		ADDED from src/main/AndroidManifest.xml:31:22-62
uses-permission#android.permission.ACCESS_NETWORK_STATE
ADDED from src/main/AndroidManifest.xml:32:5-79
MERGED from [com.teprinciple:updateapputils:2.3.0] AndroidManifest.xml:13:5-79
MERGED from [com.teprinciple:updateapputils:2.3.0] AndroidManifest.xml:13:5-79
	android:name
		ADDED from src/main/AndroidManifest.xml:32:22-76
uses-permission#android.permission.ACCESS_FINE_LOCATION
ADDED from src/main/AndroidManifest.xml:38:5-79
	android:name
		ADDED from src/main/AndroidManifest.xml:38:22-76
uses-permission#android.permission.GET_TASKS
ADDED from src/main/AndroidManifest.xml:39:5-68
	android:name
		ADDED from src/main/AndroidManifest.xml:39:22-65
uses-permission#android.permission.ACCESS_WIFI_STATE
ADDED from src/main/AndroidManifest.xml:40:5-76
	android:name
		ADDED from src/main/AndroidManifest.xml:40:22-73
uses-permission#android.permission.CHANGE_WIFI_STATE
ADDED from src/main/AndroidManifest.xml:41:5-76
	android:name
		ADDED from src/main/AndroidManifest.xml:41:22-73
uses-permission#android.permission.WAKE_LOCK
ADDED from src/main/AndroidManifest.xml:42:5-68
	android:name
		ADDED from src/main/AndroidManifest.xml:42:22-65
uses-permission#android.permission.MODIFY_AUDIO_SETTINGS
ADDED from src/main/AndroidManifest.xml:43:5-80
	android:name
		ADDED from src/main/AndroidManifest.xml:43:22-77
uses-permission#android.permission.READ_PHONE_STATE
ADDED from src/main/AndroidManifest.xml:44:5-75
	android:name
		ADDED from src/main/AndroidManifest.xml:44:22-72
uses-permission#android.permission.READ_EXTERNAL_STORAGE
ADDED from src/main/AndroidManifest.xml:45:5-80
	android:name
		ADDED from src/main/AndroidManifest.xml:45:22-77
uses-permission#android.permission.WRITE_SMS
ADDED from src/main/AndroidManifest.xml:46:5-68
	android:name
		ADDED from src/main/AndroidManifest.xml:46:22-65
uses-permission#android.permission.READ_SMS
ADDED from src/main/AndroidManifest.xml:47:5-67
	android:name
		ADDED from src/main/AndroidManifest.xml:47:22-64
application
ADDED from src/main/AndroidManifest.xml:49:5-1561:19
MERGED from [me.imid.swipebacklayout.lib:library:1.1.0] AndroidManifest.xml:13:5-20
MERGED from [me.imid.swipebacklayout.lib:library:1.1.0] AndroidManifest.xml:13:5-20
MERGED from [:LibraryPullToRefresh] AndroidManifest.xml:12:5-20
MERGED from [:LibraryPullToRefresh] AndroidManifest.xml:12:5-20
MERGED from [:lib.permission] AndroidManifest.xml:11:5-15:19
MERGED from [:lib.permission] AndroidManifest.xml:11:5-15:19
MERGED from [com.ansen.http:okhttpencapsulation:1.0.1] AndroidManifest.xml:11:5-15:19
MERGED from [com.ansen.http:okhttpencapsulation:1.0.1] AndroidManifest.xml:11:5-15:19
MERGED from [com.teprinciple:updateapputils:2.3.0] AndroidManifest.xml:18:5-37:19
MERGED from [com.teprinciple:updateapputils:2.3.0] AndroidManifest.xml:18:5-37:19
MERGED from [com.scwang.smartrefresh:SmartRefreshLayout:1.1.0] AndroidManifest.xml:11:5-15:19
MERGED from [com.scwang.smartrefresh:SmartRefreshLayout:1.1.0] AndroidManifest.xml:11:5-15:19
MERGED from [com.scwang.smartrefresh:SmartRefreshHeader:1.1.0] AndroidManifest.xml:11:5-15:19
MERGED from [com.scwang.smartrefresh:SmartRefreshHeader:1.1.0] AndroidManifest.xml:11:5-15:19
MERGED from [com.squareup.picasso:picasso:2.71828] AndroidManifest.xml:7:5-12:19
MERGED from [com.squareup.picasso:picasso:2.71828] AndroidManifest.xml:7:5-12:19
MERGED from [com.android.support:support-compat:28.0.0] AndroidManifest.xml:22:5-94
MERGED from [com.android.support:support-compat:28.0.0] AndroidManifest.xml:22:5-94
MERGED from [com.android.support:versionedparcelable:28.0.0] AndroidManifest.xml:22:5-23:19
MERGED from [com.android.support:versionedparcelable:28.0.0] AndroidManifest.xml:22:5-23:19
MERGED from [io.github.lizhangqu:coreprogress:1.0.2] AndroidManifest.xml:9:5-10:19
MERGED from [io.github.lizhangqu:coreprogress:1.0.2] AndroidManifest.xml:9:5-10:19
MERGED from [com.android.support.constraint:constraint-layout:1.1.3] AndroidManifest.xml:9:5-20
MERGED from [com.android.support.constraint:constraint-layout:1.1.3] AndroidManifest.xml:9:5-20
MERGED from [com.liulishuo.filedownloader:library:1.7.7] AndroidManifest.xml:11:5-16:19
MERGED from [com.liulishuo.filedownloader:library:1.7.7] AndroidManifest.xml:11:5-16:19
	android:requestLegacyExternalStorage
		ADDED from src/main/AndroidManifest.xml:57:9-52
	tools:ignore
		ADDED from [com.teprinciple:updateapputils:2.3.0] AndroidManifest.xml:20:9-39
	android:largeHeap
		ADDED from src/main/AndroidManifest.xml:55:9-33
	android:icon
		ADDED from src/main/AndroidManifest.xml:53:9-45
	android:networkSecurityConfig
		ADDED from [com.teprinciple:updateapputils:2.3.0] AndroidManifest.xml:19:9-69
	android:maxAspectRatio
		ADDED from src/main/AndroidManifest.xml:56:9-37
	android:screenOrientation
		ADDED from src/main/AndroidManifest.xml:60:9-45
	android:supportsRtl
		ADDED from [com.ansen.http:okhttpencapsulation:1.0.1] AndroidManifest.xml:14:9-35
	android:label
		ADDED from src/main/AndroidManifest.xml:54:9-41
	android:appComponentFactory
		ADDED from src/main/AndroidManifest.xml:52:9-43
		REJECTED from [com.android.support:support-compat:28.0.0] AndroidManifest.xml:22:18-91
	android:resizeableActivity
		ADDED from src/main/AndroidManifest.xml:59:9-42
	android:persistent
		ADDED from src/main/AndroidManifest.xml:58:9-34
	android:allowBackup
		ADDED from src/main/AndroidManifest.xml:51:9-35
	tools:replace
		ADDED from src/main/AndroidManifest.xml:61:9-52
	android:name
		ADDED from src/main/AndroidManifest.xml:50:9-46
uses-library#org.apache.http.legacy
ADDED from src/main/AndroidManifest.xml:63:9-65:40
	android:required
		ADDED from src/main/AndroidManifest.xml:65:13-37
	android:name
		ADDED from src/main/AndroidManifest.xml:64:13-50
meta-data#android.notch_support
ADDED from src/main/AndroidManifest.xml:69:9-71:36
	android:value
		ADDED from src/main/AndroidManifest.xml:71:13-33
	android:name
		ADDED from src/main/AndroidManifest.xml:70:13-49
meta-data#notch.config
ADDED from src/main/AndroidManifest.xml:73:9-75:50
	android:value
		ADDED from src/main/AndroidManifest.xml:75:13-47
	android:name
		ADDED from src/main/AndroidManifest.xml:74:13-40
meta-data#android.max_aspect
ADDED from src/main/AndroidManifest.xml:77:9-79:35
	android:value
		ADDED from src/main/AndroidManifest.xml:79:13-32
	android:name
		ADDED from src/main/AndroidManifest.xml:78:13-46
activity#com.yssj.ui.activity.GuideActivity
ADDED from src/main/AndroidManifest.xml:82:9-102:20
	android:screenOrientation
		ADDED from src/main/AndroidManifest.xml:85:13-49
	android:label
		ADDED from src/main/AndroidManifest.xml:84:13-45
	android:theme
		ADDED from src/main/AndroidManifest.xml:86:13-50
	android:name
		ADDED from src/main/AndroidManifest.xml:83:13-62
intent-filter#android.intent.action.MAIN+android.intent.category.LAUNCHER
ADDED from src/main/AndroidManifest.xml:89:13-93:29
action#android.intent.action.MAIN
ADDED from src/main/AndroidManifest.xml:90:17-69
	android:name
		ADDED from src/main/AndroidManifest.xml:90:25-66
category#android.intent.category.LAUNCHER
ADDED from src/main/AndroidManifest.xml:92:17-77
	android:name
		ADDED from src/main/AndroidManifest.xml:92:27-74
intent-filter#android.intent.action.VIEW+android.intent.category.BROWSABLE+android.intent.category.DEFAULT
ADDED from src/main/AndroidManifest.xml:94:13-101:29
action#android.intent.action.VIEW
ADDED from src/main/AndroidManifest.xml:95:17-69
	android:name
		ADDED from src/main/AndroidManifest.xml:95:25-66
category#android.intent.category.DEFAULT
ADDED from src/main/AndroidManifest.xml:97:17-76
	android:name
		ADDED from src/main/AndroidManifest.xml:97:27-73
category#android.intent.category.BROWSABLE
ADDED from src/main/AndroidManifest.xml:98:17-78
	android:name
		ADDED from src/main/AndroidManifest.xml:98:27-75
data
ADDED from src/main/AndroidManifest.xml:100:17-56
	android:scheme
		ADDED from src/main/AndroidManifest.xml:100:23-53
activity#com.yssj.ui.activity.circles.SweetFriendsDetails
ADDED from src/main/AndroidManifest.xml:105:9-109:85
	android:screenOrientation
		ADDED from src/main/AndroidManifest.xml:108:13-49
	android:label
		ADDED from src/main/AndroidManifest.xml:107:13-34
	android:windowSoftInputMode
		ADDED from src/main/AndroidManifest.xml:109:13-73
	android:name
		ADDED from src/main/AndroidManifest.xml:106:13-76
activity#com.yssj.ui.activity.circles.AllEvaluateActivity
ADDED from src/main/AndroidManifest.xml:110:9-114:85
	android:screenOrientation
		ADDED from src/main/AndroidManifest.xml:113:13-49
	android:label
		ADDED from src/main/AndroidManifest.xml:112:13-36
	android:windowSoftInputMode
		ADDED from src/main/AndroidManifest.xml:114:13-73
	android:name
		ADDED from src/main/AndroidManifest.xml:111:13-76
activity#com.yssj.ui.activity.circles.IssueTopicActivity
ADDED from src/main/AndroidManifest.xml:115:9-118:61
	android:screenOrientation
		ADDED from src/main/AndroidManifest.xml:118:13-49
	android:label
		ADDED from src/main/AndroidManifest.xml:117:13-33
	android:name
		ADDED from src/main/AndroidManifest.xml:116:13-75
activity#com.yssj.ui.activity.circles.AddTagsActivity
ADDED from src/main/AndroidManifest.xml:120:9-123:61
	android:screenOrientation
		ADDED from src/main/AndroidManifest.xml:123:13-49
	android:label
		ADDED from src/main/AndroidManifest.xml:122:13-33
	android:name
		ADDED from src/main/AndroidManifest.xml:121:13-72
activity#com.yssj.ui.activity.circles.CutImageActivity
ADDED from src/main/AndroidManifest.xml:124:9-127:61
	android:screenOrientation
		ADDED from src/main/AndroidManifest.xml:127:13-49
	android:label
		ADDED from src/main/AndroidManifest.xml:126:13-33
	android:name
		ADDED from src/main/AndroidManifest.xml:125:13-73
activity#com.yssj.ui.activity.shopdetails.OneBuySubmitShopActivty
ADDED from src/main/AndroidManifest.xml:129:9-132:61
	android:screenOrientation
		ADDED from src/main/AndroidManifest.xml:132:13-49
	android:label
		ADDED from src/main/AndroidManifest.xml:131:13-36
	android:name
		ADDED from src/main/AndroidManifest.xml:130:13-84
activity#com.yssj.ui.activity.circles.IssueSweetFriendsActivity
ADDED from src/main/AndroidManifest.xml:133:9-136:61
	android:screenOrientation
		ADDED from src/main/AndroidManifest.xml:136:13-49
	android:label
		ADDED from src/main/AndroidManifest.xml:135:13-34
	android:name
		ADDED from src/main/AndroidManifest.xml:134:13-82
activity#com.yssj.ui.fragment.setting.SuccessBindPhoneActivity
ADDED from src/main/AndroidManifest.xml:138:9-141:61
	android:screenOrientation
		ADDED from src/main/AndroidManifest.xml:141:13-49
	android:label
		ADDED from src/main/AndroidManifest.xml:140:13-35
	android:name
		ADDED from src/main/AndroidManifest.xml:139:13-81
activity#com.yssj.ui.activity.OneBuyChouJiangActivity
ADDED from src/main/AndroidManifest.xml:144:9-147:61
	android:screenOrientation
		ADDED from src/main/AndroidManifest.xml:147:13-49
	android:label
		ADDED from src/main/AndroidManifest.xml:146:13-34
	android:name
		ADDED from src/main/AndroidManifest.xml:145:13-72
activity#com.yssj.ui.activity.ZhhuanPanTestActivity
ADDED from src/main/AndroidManifest.xml:150:9-152:61
	android:screenOrientation
		ADDED from src/main/AndroidManifest.xml:152:13-49
	android:name
		ADDED from src/main/AndroidManifest.xml:151:13-70
activity#com.yssj.ui.activity.main.CrazyShopListActivity
ADDED from src/main/AndroidManifest.xml:155:9-158:61
	android:screenOrientation
		ADDED from src/main/AndroidManifest.xml:158:13-49
	android:label
		ADDED from src/main/AndroidManifest.xml:157:13-36
	android:name
		ADDED from src/main/AndroidManifest.xml:156:13-75
activity#com.yssj.ui.activity.circles.IssueOutfitActivity
ADDED from src/main/AndroidManifest.xml:161:9-164:61
	android:screenOrientation
		ADDED from src/main/AndroidManifest.xml:164:13-49
	android:label
		ADDED from src/main/AndroidManifest.xml:163:13-33
	android:name
		ADDED from src/main/AndroidManifest.xml:162:13-76
activity#com.yssj.ui.activity.SnatchActivity
ADDED from src/main/AndroidManifest.xml:165:9-168:61
	android:screenOrientation
		ADDED from src/main/AndroidManifest.xml:168:13-49
	android:label
		ADDED from src/main/AndroidManifest.xml:167:13-33
	android:name
		ADDED from src/main/AndroidManifest.xml:166:13-63
activity#com.yssj.ui.activity.NewShopActivity
ADDED from src/main/AndroidManifest.xml:169:9-172:61
	android:screenOrientation
		ADDED from src/main/AndroidManifest.xml:172:13-49
	android:label
		ADDED from src/main/AndroidManifest.xml:171:13-33
	android:name
		ADDED from src/main/AndroidManifest.xml:170:13-64
activity#com.yssj.ui.activity.view.YiYuanJoinRecordActivity
ADDED from src/main/AndroidManifest.xml:175:9-178:61
	android:screenOrientation
		ADDED from src/main/AndroidManifest.xml:178:13-49
	android:label
		ADDED from src/main/AndroidManifest.xml:177:13-37
	android:name
		ADDED from src/main/AndroidManifest.xml:176:13-78
activity#com.yssj.ui.activity.PinTuanSnatchActivity
ADDED from src/main/AndroidManifest.xml:180:9-183:61
	android:screenOrientation
		ADDED from src/main/AndroidManifest.xml:183:13-49
	android:label
		ADDED from src/main/AndroidManifest.xml:182:13-42
	android:name
		ADDED from src/main/AndroidManifest.xml:181:13-70
activity#com.yssj.ui.activity.circles.FristClassActivity
ADDED from src/main/AndroidManifest.xml:186:9-189:61
	android:screenOrientation
		ADDED from src/main/AndroidManifest.xml:189:13-49
	android:label
		ADDED from src/main/AndroidManifest.xml:188:13-33
	android:name
		ADDED from src/main/AndroidManifest.xml:187:13-75
activity#com.yssj.ui.activity.vip.MyVipListActivity
ADDED from src/main/AndroidManifest.xml:192:9-195:61
	android:screenOrientation
		ADDED from src/main/AndroidManifest.xml:195:13-49
	android:label
		ADDED from src/main/AndroidManifest.xml:194:13-36
	android:name
		ADDED from src/main/AndroidManifest.xml:193:13-70
activity#com.yssj.ui.activity.vip.VipSubsidiesActivity
ADDED from src/main/AndroidManifest.xml:197:9-200:61
	android:screenOrientation
		ADDED from src/main/AndroidManifest.xml:200:13-49
	android:label
		ADDED from src/main/AndroidManifest.xml:199:13-37
	android:name
		ADDED from src/main/AndroidManifest.xml:198:13-73
activity#com.yssj.ui.activity.vip.VipGuideActivity
ADDED from src/main/AndroidManifest.xml:202:9-205:61
	android:screenOrientation
		ADDED from src/main/AndroidManifest.xml:205:13-49
	android:label
		ADDED from src/main/AndroidManifest.xml:204:13-36
	android:name
		ADDED from src/main/AndroidManifest.xml:203:13-69
activity#com.yssj.ui.activity.vip.VipVideoActivity
ADDED from src/main/AndroidManifest.xml:207:9-210:61
	android:screenOrientation
		ADDED from src/main/AndroidManifest.xml:210:13-49
	android:label
		ADDED from src/main/AndroidManifest.xml:209:13-37
	android:name
		ADDED from src/main/AndroidManifest.xml:208:13-69
activity#com.yssj.ui.activity.circles.SecondClassActivity
ADDED from src/main/AndroidManifest.xml:220:9-223:61
	android:screenOrientation
		ADDED from src/main/AndroidManifest.xml:223:13-49
	android:label
		ADDED from src/main/AndroidManifest.xml:222:13-33
	android:name
		ADDED from src/main/AndroidManifest.xml:221:13-76
activity#com.yssj.ui.activity.picselect.PicSelectActivity
ADDED from src/main/AndroidManifest.xml:224:9-227:61
	android:screenOrientation
		ADDED from src/main/AndroidManifest.xml:227:13-49
	android:label
		ADDED from src/main/AndroidManifest.xml:226:13-33
	android:name
		ADDED from src/main/AndroidManifest.xml:225:13-76
activity#com.yssj.ui.activity.setting.BindPhoneActivity
ADDED from src/main/AndroidManifest.xml:238:9-241:61
	android:screenOrientation
		ADDED from src/main/AndroidManifest.xml:241:13-49
	android:label
		ADDED from src/main/AndroidManifest.xml:240:13-37
	android:name
		ADDED from src/main/AndroidManifest.xml:239:13-74
activity#com.yssj.ui.fragment.payback.SelledHelpActivity
ADDED from src/main/AndroidManifest.xml:242:9-244:61
	android:screenOrientation
		ADDED from src/main/AndroidManifest.xml:244:13-49
	android:name
		ADDED from src/main/AndroidManifest.xml:243:13-75
activity#com.yssj.ui.activity.ShopCartNewNewActivity
ADDED from src/main/AndroidManifest.xml:245:9-247:61
	android:screenOrientation
		ADDED from src/main/AndroidManifest.xml:247:13-49
	android:name
		ADDED from src/main/AndroidManifest.xml:246:13-71
activity#com.yssj.ui.activity.infos.BalanceDoubleSuccessActivity
ADDED from src/main/AndroidManifest.xml:248:9-250:61
	android:screenOrientation
		ADDED from src/main/AndroidManifest.xml:250:13-49
	android:name
		ADDED from src/main/AndroidManifest.xml:249:13-83
activity#com.yssj.ui.activity.H5Activity2
ADDED from src/main/AndroidManifest.xml:260:9-262:61
	android:screenOrientation
		ADDED from src/main/AndroidManifest.xml:262:13-49
	android:name
		ADDED from src/main/AndroidManifest.xml:261:13-60
activity#com.yssj.ui.activity.ShowMyPicActivity
ADDED from src/main/AndroidManifest.xml:267:9-269:61
	android:screenOrientation
		ADDED from src/main/AndroidManifest.xml:269:13-49
	android:name
		ADDED from src/main/AndroidManifest.xml:268:13-66
activity#com.yssj.ui.activity.ChoiceMyselfActivity
ADDED from src/main/AndroidManifest.xml:275:9-277:61
	android:screenOrientation
		ADDED from src/main/AndroidManifest.xml:277:13-49
	android:name
		ADDED from src/main/AndroidManifest.xml:276:13-69
activity#com.yssj.ui.activity.shopdetails.SubmitDuobaoOrderActivity
ADDED from src/main/AndroidManifest.xml:279:9-281:61
	android:screenOrientation
		ADDED from src/main/AndroidManifest.xml:281:13-49
	android:name
		ADDED from src/main/AndroidManifest.xml:280:13-86
activity#com.yssj.ui.activity.setting.BlankBackActivity
ADDED from src/main/AndroidManifest.xml:282:9-285:61
	android:screenOrientation
		ADDED from src/main/AndroidManifest.xml:285:13-49
	android:label
		ADDED from src/main/AndroidManifest.xml:284:13-32
	android:name
		ADDED from src/main/AndroidManifest.xml:283:13-74
activity#com.yssj.ui.activity.MessageCenterActivity
ADDED from src/main/AndroidManifest.xml:286:9-289:61
	android:screenOrientation
		ADDED from src/main/AndroidManifest.xml:289:13-49
	android:label
		ADDED from src/main/AndroidManifest.xml:288:13-35
	android:name
		ADDED from src/main/AndroidManifest.xml:287:13-70
activity#com.yssj.ui.activity.main.MoreSubjectActivity
ADDED from src/main/AndroidManifest.xml:295:9-299:61
	android:screenOrientation
		ADDED from src/main/AndroidManifest.xml:299:13-49
	android:label
		ADDED from src/main/AndroidManifest.xml:297:13-33
	android:launchMode
		ADDED from src/main/AndroidManifest.xml:298:13-44
	android:name
		ADDED from src/main/AndroidManifest.xml:296:13-73
activity#com.yssj.ui.activity.MyPicActivity
ADDED from src/main/AndroidManifest.xml:300:9-304:61
	android:screenOrientation
		ADDED from src/main/AndroidManifest.xml:304:13-49
	android:label
		ADDED from src/main/AndroidManifest.xml:302:13-33
	android:launchMode
		ADDED from src/main/AndroidManifest.xml:303:13-44
	android:name
		ADDED from src/main/AndroidManifest.xml:301:13-62
activity#com.yssj.ui.activity.MyLikeActivity
ADDED from src/main/AndroidManifest.xml:305:9-308:61
	android:screenOrientation
		ADDED from src/main/AndroidManifest.xml:308:13-49
	android:label
		ADDED from src/main/AndroidManifest.xml:307:13-35
	android:name
		ADDED from src/main/AndroidManifest.xml:306:13-63
activity#com.yssj.ui.activity.CommonActivity
ADDED from src/main/AndroidManifest.xml:309:9-311:61
	android:screenOrientation
		ADDED from src/main/AndroidManifest.xml:311:13-49
	android:name
		ADDED from src/main/AndroidManifest.xml:310:13-63
activity#com.yssj.ui.activity.HomePageThreeActivity
ADDED from src/main/AndroidManifest.xml:312:9-314:61
	android:screenOrientation
		ADDED from src/main/AndroidManifest.xml:314:13-49
	android:name
		ADDED from src/main/AndroidManifest.xml:313:13-70
activity#com.yssj.ui.activity.infos.YJdetailActivity
ADDED from src/main/AndroidManifest.xml:317:9-319:61
	android:screenOrientation
		ADDED from src/main/AndroidManifest.xml:319:13-49
	android:name
		ADDED from src/main/AndroidManifest.xml:318:13-71
activity#com.yssj.ui.fragment.mywallet.ViewSupportBankActivity
ADDED from src/main/AndroidManifest.xml:342:9-345:61
	android:screenOrientation
		ADDED from src/main/AndroidManifest.xml:345:13-49
	android:label
		ADDED from src/main/AndroidManifest.xml:344:13-35
	android:name
		ADDED from src/main/AndroidManifest.xml:343:13-81
activity#com.yssj.ui.fragment.mywallet.WithDrawWeiXinExplainActivity
ADDED from src/main/AndroidManifest.xml:346:9-349:61
	android:screenOrientation
		ADDED from src/main/AndroidManifest.xml:349:13-49
	android:label
		ADDED from src/main/AndroidManifest.xml:348:13-34
	android:name
		ADDED from src/main/AndroidManifest.xml:347:13-87
activity#com.yssj.ui.fragment.mywallet.WithDrawWeiXinExplainNameActivity
ADDED from src/main/AndroidManifest.xml:350:9-353:61
	android:screenOrientation
		ADDED from src/main/AndroidManifest.xml:353:13-49
	android:label
		ADDED from src/main/AndroidManifest.xml:352:13-35
	android:name
		ADDED from src/main/AndroidManifest.xml:351:13-91
activity#com.yssj.ui.fragment.mywallet.WithDrawWeiXinCheckActivity
ADDED from src/main/AndroidManifest.xml:354:9-357:61
	android:screenOrientation
		ADDED from src/main/AndroidManifest.xml:357:13-49
	android:label
		ADDED from src/main/AndroidManifest.xml:356:13-33
	android:name
		ADDED from src/main/AndroidManifest.xml:355:13-85
activity#com.yssj.ui.fragment.YaoQingFrendsActivity
ADDED from src/main/AndroidManifest.xml:373:9-376:61
	android:screenOrientation
		ADDED from src/main/AndroidManifest.xml:376:13-49
	android:label
		ADDED from src/main/AndroidManifest.xml:375:13-33
	android:name
		ADDED from src/main/AndroidManifest.xml:374:13-70
activity#com.yssj.ui.activity.ShopCartActivity
ADDED from src/main/AndroidManifest.xml:427:9-430:64
	android:screenOrientation
		ADDED from src/main/AndroidManifest.xml:429:13-49
	android:windowSoftInputMode
		ADDED from src/main/AndroidManifest.xml:430:13-52
	android:name
		ADDED from src/main/AndroidManifest.xml:428:13-65
activity#com.yssj.ui.activity.SetRefereeActivity
ADDED from src/main/AndroidManifest.xml:455:9-458:61
	android:screenOrientation
		ADDED from src/main/AndroidManifest.xml:458:13-49
	android:label
		ADDED from src/main/AndroidManifest.xml:457:13-34
	android:name
		ADDED from src/main/AndroidManifest.xml:456:13-67